

INFO: Katalon Version: 8.2.5
INFO: Command-line arguments: -runMode=console -projectPath=C:\Users\Dell\git\CrossCountry\CrossCountry.prj -retry=0 -testSuitePath=Test Suites/Sanity Test Suite -browserType=Chrome -executionProfile=default -apiKey=********
INFO: User working dir: C:\Users\Dell\Downloads\katlon\Katalon_Studio_Engine_Windows_64-8.2.5
INFO: Error log: C:/Windows/Temp/session-45938712/.metadata/.log
INFO: Katalon KatOne server URL: https://admin.katalon.com
INFO: Katalon TestOps server URL: https://testops.katalon.io
INFO: Katalon Store server URL: https://store.katalon.com
INFO: User home: C:\Windows\system32\config\systemprofile
INFO: Java vendor: Azul Systems, Inc.
INFO: Java version: 1.8.0_282
INFO: Local OS: Windows 10 64bit
INFO: CPU load: 63%
INFO: Total memory: 8080 MB
INFO: Free memory: 1925 MB
Start getting machine ID on Windows
Start appending additional signatures
hardwareSerialNumber 
osDependentUsername system
End appending additional signatures d058ab59-1797-4384-8a2a-7679e493c1b7__system
End getting machine ID on Windows 921a61ee628be57dcced0c86b94d5793
INFO: Machine ID: 921a61ee628be57dcced0c86b94d5793
Warning: NLS missing message: ConsoleMain_MSG_DEVOPS_LICENSE_COMPATIBILITY in: com.kms.katalon.execution.constants.executionMessages
Warning: NLS missing message: ConsoleMain_MSG_NON_DEVOPS_LICENSE_COMPATIBLITY in: com.kms.katalon.execution.constants.executionMessages
INFO: Your environment is compatible with the Katalon Runtime Engine NODE-LOCKED or FLOATING license. For a fixed machine ID, use a NODE-LOCKED license; for a dynamic machine ID, use a FLOATING license.


Activating...
Start activating offline...
Search for valid offline licenses in folder: C:\Windows\system32\config\systemprofile\.katalon\license
The number of valid offline licenses: 0
Start activating online...
log4j:WARN No appenders could be found for logger (org.apache.http.client.protocol.RequestAddCookies).
log4j:WARN Please initialize the log4j system properly.
Latest plugins responses: [{"id":209371,"status":1,"expiration_date":null,"created_at":"2022-02-07T10:04:42.255Z","updated_at":"2022-02-07T13:14:56.860Z","active":true,"send_expiration_mail":false,"send_expiration_reminder_mail":false,"user_id":211099,"bundled_plugin_id":null,"product":{"id":180,"plugin_id":"com.katalon.katalon-studio-testng;singleton=true","name":"TestNG/JUnit Keywords","description":"The built-in TestNG/JUnit keywords are supported for executing your TestNG/JUnit/Selenium test scripts in Katalon Studio.","logo":"sfyj32l3e72rv1gu-TestNg_JUnit_selenium_Keywords_140px.png","repository":null,"documentation":"http://docs.katalon.com/katalon-studio/docs/selenium-testng-junit-migration.html","reference":null,"license":"https://www.katalon.com/terms/katalon-store-term/katalon-plugin-license-agreement/","release_date":null,"qa_url":null,"status":1,"created_at":"2020-04-20T05:50:41.043Z","updated_at":"2020-05-15T10:07:25.977Z","overview":"From  7.4.0,  Katalon Studio supports migrating test scripts from Selenium, TestNG, or JUnit projects. You can reuse, maintain, and execute your test cases right in Katalon Studio. \r\n\r\nThis plugin is for facilitating the migration process by enabling the TestNG/JUnit built-in keywords,  including `runTestNGTestClasses`, `runTestNGTestSuites`, and `runJUnitTestCases`  in the **manual** view.\r\n","price":null,"stripe_product_id":null,"reject_reason":null,"latest_version_number":null,"product_type_id":1,"marketplace_id":null,"product_versions":[{"id":255,"number":"1.0.0","source":"pa462ufxqnnd4cqz-katalon-studio-testng-junit-keywords-1.0.0.jar.zip","status":1,"created_at":"2020-04-20T05:50:41.051Z","updated_at":"2020-04-20T05:50:51.731Z","min_app_version":"7.4.0","max_app_version":null,"change_log":""}],"product_type":{"id":1,"name":"Katalon Studio Plugin","description":"Katalon Studio Plugin","sequence":2,"created_at":"2019-01-30T01:47:14.080Z","updated_at":"2019-01-30T01:47:14.080Z","view_type":0},"product_categories":[{"id":2,"name":"Utilities","short_name":"","description":"Utilities","order":3,"hide":false,"use_carousel":false,"created_at":"2019-06-13T08:48:28.556Z","updated_at":"2020-08-03T09:32:20.864Z","product_join_category":{"id":214,"created_at":"2020-04-21T05:45:04.120Z","updated_at":"2020-04-21T05:45:04.120Z","product_id":180,"category_id":2}}],"logoUrl":"https://katalon-store.s3.amazonaws.com/sfyj32l3e72rv1gu-TestNg_JUnit_selenium_Keywords_140px.png","categories":"Utilities","url":"/product/180"},"license_type":{"id":1,"name":"Free","active":true,"day":null,"month":null,"year":null,"created_at":"2019-01-30T01:47:14.080Z","updated_at":"2019-01-30T01:47:14.080Z"},"free":true,"trial":false,"paid":false,"expired":false,"canceled":false,"uninstalled":false,"finalized":false,"compatible_versions":[{"id":255,"number":"1.0.0","source":"pa462ufxqnnd4cqz-katalon-studio-testng-junit-keywords-1.0.0.jar.zip","status":1,"created_at":"2020-04-20T05:50:41.051Z","updated_at":"2020-04-20T05:50:51.731Z","min_app_version":"7.4.0","max_app_version":null,"change_log":""}],"latest_compatible_version":{"id":255,"number":"1.0.0","source":"pa462ufxqnnd4cqz-katalon-studio-testng-junit-keywords-1.0.0.jar.zip","status":1,"created_at":"2020-04-20T05:50:41.051Z","updated_at":"2020-04-20T05:50:51.731Z","min_app_version":"7.4.0","max_app_version":null,"change_log":""},"current_version":{"id":255,"number":"1.0.0","source":"pa462ufxqnnd4cqz-katalon-studio-testng-junit-keywords-1.0.0.jar.zip","status":1,"created_at":"2020-04-20T05:50:41.051Z","updated_at":"2020-04-20T05:50:51.731Z","min_app_version":"7.4.0","max_app_version":null,"change_log":""},"latest_version":{"id":255,"number":"1.0.0","source":"pa462ufxqnnd4cqz-katalon-studio-testng-junit-keywords-1.0.0.jar.zip","status":1,"created_at":"2020-04-20T05:50:41.051Z","updated_at":"2020-04-20T05:50:51.731Z","min_app_version":"7.4.0","max_app_version":null,"change_log":""},"created_date":"February 7th 2022, 10:04 am","download_url":"https://plugins.katalon.com/pa462ufxqnnd4cqz-katalon-studio-testng-junit-keywords-1.0.0.jar.zip?Expires=1646062387&Policy=eyJTdGF0ZW1lbnQiOlt7IlJlc291cmNlIjoiaHR0cHM6Ly9wbHVnaW5zLmthdGFsb24uY29tL3BhNDYydWZ4cW5uZDRjcXota2F0YWxvbi1zdHVkaW8tdGVzdG5nLWp1bml0LWtleXdvcmRzLTEuMC4wLmphci56aXAiLCJDb25kaXRpb24iOnsiRGF0ZUxlc3NUaGFuIjp7IkFXUzpFcG9jaFRpbWUiOjE2NDYwNjIzODd9fX1dfQ__&Signature=QLR3ma0S1tZ-34YqTY9rF0-qPVuUmMGKV-dO3kOgQ0pyvEe4~ebO-FrGgIRscTiY~7052aHtb~nggPcRFtKF9tifxo0ZLyoXjP458jsHZ49FXRGg24XWwVQu6yHNO6pVYZNWy7D-t9HV~BWZhfF-iI7EHUa1-b42VayTTXBacAXEa9XrAHqUL5HgU6z2wNPWc9JFLzKyuikQqXMmY~pd795WXXkWQlv19ta6Ea1WBigotkgqGLqXeIoykP5H0rmmLIygQPm8AhetVoA2QT3iTV4hY8fA2oKSgAMDf~jC2ItaBS3ZVIPhLo19k80ymbVfqyWngKvjlztavzOZe7obtg__&Key-Pair-Id=APKAIPDLSSZCBYT7R3MA"}]
Start check license task
INFO: KATALON_JAVA_HOME: null
Launcher status after execution process completed: Running
Start writing execution.uuid file to folder: C:\Users\Dell\git\CrossCountry\Reports\20220228_160315\Sanity Test Suite\20220228_160320
Start generating JUnit report folder at: C:\Users\Dell\git\CrossCountry\Reports\20220228_160315\Sanity Test Suite\20220228_160320...
JUnit report were generated at folder: C:\Users\Dell\git\CrossCountry\Reports\20220228_160315\Sanity Test Suite\20220228_160320
Execution completed. Exit code: 1.
Start clean up session
End check license task
End clean up session
Start release license task
License released
End release license task
All launchers terminated
